02-Feb-2025 11:21:53.827 INFO [main] org.apache.catalina.startup.VersionLoggerListener.log Server version name:   Apache Tomcat/8.5.72
02-Feb-2025 11:21:53.831 INFO [main] org.apache.catalina.startup.VersionLoggerListener.log Server built:          Oct 1 2021 15:15:33 UTC
02-Feb-2025 11:21:53.833 INFO [main] org.apache.catalina.startup.VersionLoggerListener.log Server version number: 8.5.72.0
02-Feb-2025 11:21:53.833 INFO [main] org.apache.catalina.startup.VersionLoggerListener.log OS Name:               Windows 10
02-Feb-2025 11:21:53.833 INFO [main] org.apache.catalina.startup.VersionLoggerListener.log OS Version:            10.0
02-Feb-2025 11:21:53.833 INFO [main] org.apache.catalina.startup.VersionLoggerListener.log Architecture:          amd64
02-Feb-2025 11:21:53.833 INFO [main] org.apache.catalina.startup.VersionLoggerListener.log Java Home:             C:\Program Files\Java\jdk1.8.0_281\jre
02-Feb-2025 11:21:53.833 INFO [main] org.apache.catalina.startup.VersionLoggerListener.log JVM Version:           1.8.0_281-b09
02-Feb-2025 11:21:53.833 INFO [main] org.apache.catalina.startup.VersionLoggerListener.log JVM Vendor:            Oracle Corporation
02-Feb-2025 11:21:53.833 INFO [main] org.apache.catalina.startup.VersionLoggerListener.log CATALINA_BASE:         C:\Users\adima\Documents\EduMentor\Apache-Tomcat-8.5.72
02-Feb-2025 11:21:53.833 INFO [main] org.apache.catalina.startup.VersionLoggerListener.log CATALINA_HOME:         C:\Users\adima\Documents\EduMentor\Apache-Tomcat-8.5.72
02-Feb-2025 11:21:53.833 INFO [main] org.apache.catalina.startup.VersionLoggerListener.log Command line argument: -Djava.util.logging.config.file=C:\Users\adima\Documents\EduMentor\Apache-Tomcat-8.5.72\conf\logging.properties
02-Feb-2025 11:21:53.833 INFO [main] org.apache.catalina.startup.VersionLoggerListener.log Command line argument: -Djava.util.logging.manager=org.apache.juli.ClassLoaderLogManager
02-Feb-2025 11:21:53.835 INFO [main] org.apache.catalina.startup.VersionLoggerListener.log Command line argument: -Dhttp.nonProxyHosts=localhost|127.0.0.1|Spectre
02-Feb-2025 11:21:53.835 INFO [main] org.apache.catalina.startup.VersionLoggerListener.log Command line argument: -Djdk.tls.ephemeralDHKeySize=2048
02-Feb-2025 11:21:53.835 INFO [main] org.apache.catalina.startup.VersionLoggerListener.log Command line argument: -Djava.protocol.handler.pkgs=org.apache.catalina.webresources
02-Feb-2025 11:21:53.835 INFO [main] org.apache.catalina.startup.VersionLoggerListener.log Command line argument: -Dignore.endorsed.dirs=
02-Feb-2025 11:21:53.835 INFO [main] org.apache.catalina.startup.VersionLoggerListener.log Command line argument: -Dcatalina.base=C:\Users\adima\Documents\EduMentor\Apache-Tomcat-8.5.72
02-Feb-2025 11:21:53.835 INFO [main] org.apache.catalina.startup.VersionLoggerListener.log Command line argument: -Dcatalina.home=C:\Users\adima\Documents\EduMentor\Apache-Tomcat-8.5.72
02-Feb-2025 11:21:53.835 INFO [main] org.apache.catalina.startup.VersionLoggerListener.log Command line argument: -Djava.io.tmpdir=C:\Users\adima\Documents\EduMentor\Apache-Tomcat-8.5.72\temp
02-Feb-2025 11:21:53.835 INFO [main] org.apache.catalina.core.AprLifecycleListener.lifecycleEvent Loaded Apache Tomcat Native library [1.2.31] using APR version [1.7.0].
02-Feb-2025 11:21:53.835 INFO [main] org.apache.catalina.core.AprLifecycleListener.lifecycleEvent APR capabilities: IPv6 [true], sendfile [true], accept filters [false], random [true], UDS [{4}].
02-Feb-2025 11:21:53.835 INFO [main] org.apache.catalina.core.AprLifecycleListener.lifecycleEvent APR/OpenSSL configuration: useAprConnector [false], useOpenSSL [true]
02-Feb-2025 11:21:53.841 INFO [main] org.apache.catalina.core.AprLifecycleListener.initializeSSL OpenSSL successfully initialized [OpenSSL 1.1.1l  24 Aug 2021]
02-Feb-2025 11:21:54.018 INFO [main] org.apache.coyote.AbstractProtocol.init Initializing ProtocolHandler ["http-nio-8080"]
02-Feb-2025 11:21:54.240 INFO [main] org.apache.tomcat.util.net.NioSelectorPool.getSharedSelector Using a shared selector for servlet write/read
02-Feb-2025 11:21:54.264 INFO [main] org.apache.catalina.startup.Catalina.load Initialization processed in 798 ms
02-Feb-2025 11:21:54.293 INFO [main] org.apache.catalina.core.StandardService.startInternal Starting service [Catalina]
02-Feb-2025 11:21:54.293 INFO [main] org.apache.catalina.core.StandardEngine.startInternal Starting Servlet engine: [Apache Tomcat/8.5.72]
02-Feb-2025 11:21:54.304 INFO [localhost-startStop-1] org.apache.catalina.startup.HostConfig.deployDirectory Deploying web application directory [C:\Users\adima\Documents\EduMentor\Apache-Tomcat-8.5.72\webapps\docs]
02-Feb-2025 11:21:54.528 INFO [localhost-startStop-1] org.apache.catalina.startup.HostConfig.deployDirectory Deployment of web application directory [C:\Users\adima\Documents\EduMentor\Apache-Tomcat-8.5.72\webapps\docs] has finished in [224] ms
02-Feb-2025 11:21:54.528 INFO [localhost-startStop-1] org.apache.catalina.startup.HostConfig.deployDirectory Deploying web application directory [C:\Users\adima\Documents\EduMentor\Apache-Tomcat-8.5.72\webapps\examples]
02-Feb-2025 11:21:54.905 INFO [localhost-startStop-1] org.apache.catalina.startup.HostConfig.deployDirectory Deployment of web application directory [C:\Users\adima\Documents\EduMentor\Apache-Tomcat-8.5.72\webapps\examples] has finished in [377] ms
02-Feb-2025 11:21:54.905 INFO [localhost-startStop-1] org.apache.catalina.startup.HostConfig.deployDirectory Deploying web application directory [C:\Users\adima\Documents\EduMentor\Apache-Tomcat-8.5.72\webapps\host-manager]
02-Feb-2025 11:21:54.952 INFO [localhost-startStop-1] org.apache.catalina.startup.HostConfig.deployDirectory Deployment of web application directory [C:\Users\adima\Documents\EduMentor\Apache-Tomcat-8.5.72\webapps\host-manager] has finished in [47] ms
02-Feb-2025 11:21:54.952 INFO [localhost-startStop-1] org.apache.catalina.startup.HostConfig.deployDirectory Deploying web application directory [C:\Users\adima\Documents\EduMentor\Apache-Tomcat-8.5.72\webapps\manager]
02-Feb-2025 11:21:54.980 INFO [localhost-startStop-1] org.apache.catalina.startup.HostConfig.deployDirectory Deployment of web application directory [C:\Users\adima\Documents\EduMentor\Apache-Tomcat-8.5.72\webapps\manager] has finished in [28] ms
02-Feb-2025 11:21:54.980 INFO [localhost-startStop-1] org.apache.catalina.startup.HostConfig.deployDirectory Deploying web application directory [C:\Users\adima\Documents\EduMentor\Apache-Tomcat-8.5.72\webapps\ROOT]
02-Feb-2025 11:21:55.016 INFO [localhost-startStop-1] org.apache.catalina.startup.HostConfig.deployDirectory Deployment of web application directory [C:\Users\adima\Documents\EduMentor\Apache-Tomcat-8.5.72\webapps\ROOT] has finished in [36] ms
02-Feb-2025 11:21:55.016 INFO [main] org.apache.coyote.AbstractProtocol.start Starting ProtocolHandler ["http-nio-8080"]
02-Feb-2025 11:21:55.029 INFO [main] org.apache.catalina.startup.Catalina.start Server startup in 763 ms
02-Feb-2025 11:21:56.973 INFO [http-nio-8080-exec-9] org.apache.catalina.startup.HostConfig.deployDescriptor Deploying deployment descriptor [C:\Users\adima\Documents\EduMentor\Apache-Tomcat-8.5.72\conf\Catalina\localhost\EduMentor.xml]
02-Feb-2025 11:21:57.524 INFO [http-nio-8080-exec-9] org.apache.jasper.servlet.TldScanner.scanJars At least one JAR was scanned for TLDs yet contained no TLDs. Enable debug logging for this logger for a complete list of JARs that were scanned but no TLDs were found in them. Skipping unneeded JARs during scanning can improve startup time and JSP compilation time.
02-Feb-2025 11:21:57.546 INFO [http-nio-8080-exec-9] org.apache.catalina.startup.HostConfig.deployDescriptor Deployment of deployment descriptor [C:\Users\adima\Documents\EduMentor\Apache-Tomcat-8.5.72\conf\Catalina\localhost\EduMentor.xml] has finished in [573] ms
02-Feb-2025 11:21:57.548 INFO [http-nio-8080-exec-10] org.apache.catalina.util.LifecycleBase.start The start() method was called on component [StandardEngine[Catalina].StandardHost[localhost].StandardContext[/EduMentor]] after start() had already been called. The second call will be ignored.
02-Feb-2025 11:21:59.081 INFO [http-nio-8080-exec-2] com.edumentor.db.DataSource.testConnection Successfully connected to the database!
02-Feb-2025 11:21:59.089 INFO [http-nio-8080-exec-2] com.edumentor.db.DataSource.testConnection Successfully connected to the database!
02-Feb-2025 11:28:51.968 WARNING [http-nio-8080-exec-1] org.apache.catalina.loader.WebappClassLoaderBase.clearReferencesJdbc The web application [EduMentor] registered the JDBC driver [com.mysql.cj.jdbc.Driver] but failed to unregister it when the web application was stopped. To prevent a memory leak, the JDBC Driver has been forcibly unregistered.
02-Feb-2025 11:28:51.968 WARNING [http-nio-8080-exec-1] org.apache.catalina.loader.WebappClassLoaderBase.clearReferencesJdbc The web application [EduMentor] registered the JDBC driver [com.mysql.jdbc.Driver] but failed to unregister it when the web application was stopped. To prevent a memory leak, the JDBC Driver has been forcibly unregistered.
02-Feb-2025 11:28:51.968 WARNING [http-nio-8080-exec-1] org.apache.catalina.loader.WebappClassLoaderBase.clearReferencesThreads The web application [EduMentor] appears to have started a thread named [mysql-cj-abandoned-connection-cleanup] but has failed to stop it. This is very likely to create a memory leak. Stack trace of thread:
 java.lang.Object.wait(Native Method)
 java.lang.ref.ReferenceQueue.remove(ReferenceQueue.java:144)
 com.mysql.cj.jdbc.AbandonedConnectionCleanupThread.run(AbandonedConnectionCleanupThread.java:91)
 java.util.concurrent.ThreadPoolExecutor.runWorker(ThreadPoolExecutor.java:1149)
 java.util.concurrent.ThreadPoolExecutor$Worker.run(ThreadPoolExecutor.java:624)
 java.lang.Thread.run(Thread.java:748)
02-Feb-2025 11:28:52.522 INFO [http-nio-8080-exec-2] org.apache.jasper.servlet.TldScanner.scanJars At least one JAR was scanned for TLDs yet contained no TLDs. Enable debug logging for this logger for a complete list of JARs that were scanned but no TLDs were found in them. Skipping unneeded JARs during scanning can improve startup time and JSP compilation time.
02-Feb-2025 11:28:56.217 INFO [mysql-cj-abandoned-connection-cleanup] org.apache.catalina.loader.WebappClassLoaderBase.checkStateForResourceLoading Illegal access: this web application instance has been stopped already. Could not load []. The following stack trace is thrown for debugging purposes as well as to attempt to terminate the thread which caused the illegal access.
	java.lang.IllegalStateException: Illegal access: this web application instance has been stopped already. Could not load []. The following stack trace is thrown for debugging purposes as well as to attempt to terminate the thread which caused the illegal access.
		at org.apache.catalina.loader.WebappClassLoaderBase.checkStateForResourceLoading(WebappClassLoaderBase.java:1435)
		at org.apache.catalina.loader.WebappClassLoaderBase.getResource(WebappClassLoaderBase.java:1060)
		at com.mysql.cj.jdbc.AbandonedConnectionCleanupThread.checkThreadContextClassLoader(AbandonedConnectionCleanupThread.java:123)
		at com.mysql.cj.jdbc.AbandonedConnectionCleanupThread.run(AbandonedConnectionCleanupThread.java:90)
		at java.util.concurrent.ThreadPoolExecutor.runWorker(ThreadPoolExecutor.java:1149)
		at java.util.concurrent.ThreadPoolExecutor$Worker.run(ThreadPoolExecutor.java:624)
		at java.lang.Thread.run(Thread.java:748)
02-Feb-2025 11:29:02.723 INFO [ContainerBackgroundProcessor[StandardEngine[Catalina]]] org.apache.catalina.startup.HostConfig.reload Reloading context [/EduMentor]
02-Feb-2025 11:29:02.723 INFO [ContainerBackgroundProcessor[StandardEngine[Catalina]]] org.apache.catalina.core.StandardContext.reload Reloading Context with name [/EduMentor] has started
02-Feb-2025 11:29:03.290 INFO [ContainerBackgroundProcessor[StandardEngine[Catalina]]] org.apache.jasper.servlet.TldScanner.scanJars At least one JAR was scanned for TLDs yet contained no TLDs. Enable debug logging for this logger for a complete list of JARs that were scanned but no TLDs were found in them. Skipping unneeded JARs during scanning can improve startup time and JSP compilation time.
02-Feb-2025 11:29:03.308 INFO [ContainerBackgroundProcessor[StandardEngine[Catalina]]] org.apache.catalina.core.StandardContext.reload Reloading Context with name [/EduMentor] is completed
02-Feb-2025 11:30:59.180 INFO [http-nio-8080-exec-14] org.apache.catalina.startup.HostConfig.undeploy Undeploying context [/EduMentor]
02-Feb-2025 11:30:59.218 INFO [http-nio-8080-exec-18] org.apache.catalina.startup.HostConfig.deployDescriptor Deploying deployment descriptor [C:\Users\adima\Documents\EduMentor\Apache-Tomcat-8.5.72\conf\Catalina\localhost\EduMentor.xml]
02-Feb-2025 11:30:59.692 INFO [http-nio-8080-exec-18] org.apache.jasper.servlet.TldScanner.scanJars At least one JAR was scanned for TLDs yet contained no TLDs. Enable debug logging for this logger for a complete list of JARs that were scanned but no TLDs were found in them. Skipping unneeded JARs during scanning can improve startup time and JSP compilation time.
02-Feb-2025 11:30:59.707 INFO [http-nio-8080-exec-18] org.apache.catalina.startup.HostConfig.deployDescriptor Deployment of deployment descriptor [C:\Users\adima\Documents\EduMentor\Apache-Tomcat-8.5.72\conf\Catalina\localhost\EduMentor.xml] has finished in [489] ms
02-Feb-2025 11:30:59.707 INFO [http-nio-8080-exec-4] org.apache.catalina.util.LifecycleBase.start The start() method was called on component [StandardEngine[Catalina].StandardHost[localhost].StandardContext[/EduMentor]] after start() had already been called. The second call will be ignored.
02-Feb-2025 11:31:00.381 INFO [http-nio-8080-exec-12] com.edumentor.db.DataSource.testConnection Successfully connected to the database!
02-Feb-2025 11:31:00.381 INFO [http-nio-8080-exec-12] com.edumentor.db.DataSource.testConnection Successfully connected to the database!
02-Feb-2025 11:31:00.834 INFO [http-nio-8080-exec-16] com.edumentor.db.DataSource.testConnection Successfully connected to the database!
02-Feb-2025 11:31:06.396 WARNING [http-nio-8080-exec-22] org.apache.catalina.loader.WebappClassLoaderBase.clearReferencesJdbc The web application [EduMentor] registered the JDBC driver [com.mysql.cj.jdbc.Driver] but failed to unregister it when the web application was stopped. To prevent a memory leak, the JDBC Driver has been forcibly unregistered.
02-Feb-2025 11:31:06.396 WARNING [http-nio-8080-exec-22] org.apache.catalina.loader.WebappClassLoaderBase.clearReferencesJdbc The web application [EduMentor] registered the JDBC driver [com.mysql.jdbc.Driver] but failed to unregister it when the web application was stopped. To prevent a memory leak, the JDBC Driver has been forcibly unregistered.
02-Feb-2025 11:31:06.396 WARNING [http-nio-8080-exec-22] org.apache.catalina.loader.WebappClassLoaderBase.clearReferencesThreads The web application [EduMentor] appears to have started a thread named [mysql-cj-abandoned-connection-cleanup] but has failed to stop it. This is very likely to create a memory leak. Stack trace of thread:
 java.lang.Object.wait(Native Method)
 java.lang.ref.ReferenceQueue.remove(ReferenceQueue.java:144)
 com.mysql.cj.jdbc.AbandonedConnectionCleanupThread.run(AbandonedConnectionCleanupThread.java:91)
 java.util.concurrent.ThreadPoolExecutor.runWorker(ThreadPoolExecutor.java:1149)
 java.util.concurrent.ThreadPoolExecutor$Worker.run(ThreadPoolExecutor.java:624)
 java.lang.Thread.run(Thread.java:748)
02-Feb-2025 11:31:06.909 INFO [http-nio-8080-exec-22] org.apache.catalina.startup.HostConfig.undeploy Undeploying context [/EduMentor]
02-Feb-2025 11:31:10.048 INFO [mysql-cj-abandoned-connection-cleanup] org.apache.catalina.loader.WebappClassLoaderBase.checkStateForResourceLoading Illegal access: this web application instance has been stopped already. Could not load []. The following stack trace is thrown for debugging purposes as well as to attempt to terminate the thread which caused the illegal access.
	java.lang.IllegalStateException: Illegal access: this web application instance has been stopped already. Could not load []. The following stack trace is thrown for debugging purposes as well as to attempt to terminate the thread which caused the illegal access.
		at org.apache.catalina.loader.WebappClassLoaderBase.checkStateForResourceLoading(WebappClassLoaderBase.java:1435)
		at org.apache.catalina.loader.WebappClassLoaderBase.getResource(WebappClassLoaderBase.java:1060)
		at com.mysql.cj.jdbc.AbandonedConnectionCleanupThread.checkThreadContextClassLoader(AbandonedConnectionCleanupThread.java:123)
		at com.mysql.cj.jdbc.AbandonedConnectionCleanupThread.run(AbandonedConnectionCleanupThread.java:90)
		at java.util.concurrent.ThreadPoolExecutor.runWorker(ThreadPoolExecutor.java:1149)
		at java.util.concurrent.ThreadPoolExecutor$Worker.run(ThreadPoolExecutor.java:624)
		at java.lang.Thread.run(Thread.java:748)
02-Feb-2025 11:31:14.481 INFO [http-nio-8080-exec-4] org.apache.catalina.startup.HostConfig.deployDescriptor Deploying deployment descriptor [C:\Users\adima\Documents\EduMentor\Apache-Tomcat-8.5.72\conf\Catalina\localhost\EduMentor.xml]
02-Feb-2025 11:31:14.923 INFO [http-nio-8080-exec-4] org.apache.jasper.servlet.TldScanner.scanJars At least one JAR was scanned for TLDs yet contained no TLDs. Enable debug logging for this logger for a complete list of JARs that were scanned but no TLDs were found in them. Skipping unneeded JARs during scanning can improve startup time and JSP compilation time.
02-Feb-2025 11:31:14.939 INFO [http-nio-8080-exec-4] org.apache.catalina.startup.HostConfig.deployDescriptor Deployment of deployment descriptor [C:\Users\adima\Documents\EduMentor\Apache-Tomcat-8.5.72\conf\Catalina\localhost\EduMentor.xml] has finished in [458] ms
02-Feb-2025 11:31:14.943 INFO [http-nio-8080-exec-14] org.apache.catalina.util.LifecycleBase.start The start() method was called on component [StandardEngine[Catalina].StandardHost[localhost].StandardContext[/EduMentor]] after start() had already been called. The second call will be ignored.
02-Feb-2025 11:31:15.581 INFO [http-nio-8080-exec-22] com.edumentor.db.DataSource.testConnection Successfully connected to the database!
02-Feb-2025 11:31:15.581 INFO [http-nio-8080-exec-22] com.edumentor.db.DataSource.testConnection Successfully connected to the database!
02-Feb-2025 11:31:15.940 INFO [http-nio-8080-exec-20] com.edumentor.db.DataSource.testConnection Successfully connected to the database!
02-Feb-2025 11:31:45.009 WARNING [http-nio-8080-exec-25] org.apache.catalina.loader.WebappClassLoaderBase.clearReferencesJdbc The web application [EduMentor] registered the JDBC driver [com.mysql.cj.jdbc.Driver] but failed to unregister it when the web application was stopped. To prevent a memory leak, the JDBC Driver has been forcibly unregistered.
02-Feb-2025 11:31:45.009 WARNING [http-nio-8080-exec-25] org.apache.catalina.loader.WebappClassLoaderBase.clearReferencesJdbc The web application [EduMentor] registered the JDBC driver [com.mysql.jdbc.Driver] but failed to unregister it when the web application was stopped. To prevent a memory leak, the JDBC Driver has been forcibly unregistered.
02-Feb-2025 11:31:45.011 WARNING [http-nio-8080-exec-25] org.apache.catalina.loader.WebappClassLoaderBase.clearReferencesThreads The web application [EduMentor] appears to have started a thread named [mysql-cj-abandoned-connection-cleanup] but has failed to stop it. This is very likely to create a memory leak. Stack trace of thread:
 java.lang.Object.wait(Native Method)
 java.lang.ref.ReferenceQueue.remove(ReferenceQueue.java:144)
 com.mysql.cj.jdbc.AbandonedConnectionCleanupThread.run(AbandonedConnectionCleanupThread.java:91)
 java.util.concurrent.ThreadPoolExecutor.runWorker(ThreadPoolExecutor.java:1149)
 java.util.concurrent.ThreadPoolExecutor$Worker.run(ThreadPoolExecutor.java:624)
 java.lang.Thread.run(Thread.java:748)
02-Feb-2025 11:31:45.306 INFO [mysql-cj-abandoned-connection-cleanup] org.apache.catalina.loader.WebappClassLoaderBase.checkStateForResourceLoading Illegal access: this web application instance has been stopped already. Could not load []. The following stack trace is thrown for debugging purposes as well as to attempt to terminate the thread which caused the illegal access.
	java.lang.IllegalStateException: Illegal access: this web application instance has been stopped already. Could not load []. The following stack trace is thrown for debugging purposes as well as to attempt to terminate the thread which caused the illegal access.
		at org.apache.catalina.loader.WebappClassLoaderBase.checkStateForResourceLoading(WebappClassLoaderBase.java:1435)
		at org.apache.catalina.loader.WebappClassLoaderBase.getResource(WebappClassLoaderBase.java:1060)
		at com.mysql.cj.jdbc.AbandonedConnectionCleanupThread.checkThreadContextClassLoader(AbandonedConnectionCleanupThread.java:123)
		at com.mysql.cj.jdbc.AbandonedConnectionCleanupThread.run(AbandonedConnectionCleanupThread.java:90)
		at java.util.concurrent.ThreadPoolExecutor.runWorker(ThreadPoolExecutor.java:1149)
		at java.util.concurrent.ThreadPoolExecutor$Worker.run(ThreadPoolExecutor.java:624)
		at java.lang.Thread.run(Thread.java:748)
02-Feb-2025 11:31:45.531 INFO [http-nio-8080-exec-25] org.apache.catalina.startup.HostConfig.undeploy Undeploying context [/EduMentor]
02-Feb-2025 11:31:45.560 INFO [http-nio-8080-exec-12] org.apache.catalina.startup.HostConfig.deployDescriptor Deploying deployment descriptor [C:\Users\adima\Documents\EduMentor\Apache-Tomcat-8.5.72\conf\Catalina\localhost\EduMentor.xml]
02-Feb-2025 11:31:46.014 INFO [http-nio-8080-exec-12] org.apache.jasper.servlet.TldScanner.scanJars At least one JAR was scanned for TLDs yet contained no TLDs. Enable debug logging for this logger for a complete list of JARs that were scanned but no TLDs were found in them. Skipping unneeded JARs during scanning can improve startup time and JSP compilation time.
02-Feb-2025 11:31:46.032 INFO [http-nio-8080-exec-12] org.apache.catalina.startup.HostConfig.deployDescriptor Deployment of deployment descriptor [C:\Users\adima\Documents\EduMentor\Apache-Tomcat-8.5.72\conf\Catalina\localhost\EduMentor.xml] has finished in [472] ms
02-Feb-2025 11:31:46.038 INFO [http-nio-8080-exec-29] org.apache.catalina.util.LifecycleBase.start The start() method was called on component [StandardEngine[Catalina].StandardHost[localhost].StandardContext[/EduMentor]] after start() had already been called. The second call will be ignored.
02-Feb-2025 11:31:46.707 INFO [http-nio-8080-exec-24] com.edumentor.db.DataSource.testConnection Successfully connected to the database!
02-Feb-2025 11:31:46.707 INFO [http-nio-8080-exec-24] com.edumentor.db.DataSource.testConnection Successfully connected to the database!
02-Feb-2025 11:31:47.051 INFO [http-nio-8080-exec-14] com.edumentor.db.DataSource.testConnection Successfully connected to the database!
02-Feb-2025 11:32:30.802 INFO [http-nio-8080-exec-32] com.edumentor.db.DataSource.testConnection Successfully connected to the database!
02-Feb-2025 11:32:31.019 INFO [http-nio-8080-exec-27] com.edumentor.db.DataSource.testConnection Successfully connected to the database!
02-Feb-2025 11:35:14.947 INFO [http-nio-8080-exec-37] com.edumentor.db.DataSource.testConnection Successfully connected to the database!
02-Feb-2025 11:35:15.176 INFO [http-nio-8080-exec-39] com.edumentor.db.DataSource.testConnection Successfully connected to the database!
02-Feb-2025 11:36:14.457 WARNING [http-nio-8080-exec-35] org.apache.catalina.loader.WebappClassLoaderBase.clearReferencesJdbc The web application [EduMentor] registered the JDBC driver [com.mysql.cj.jdbc.Driver] but failed to unregister it when the web application was stopped. To prevent a memory leak, the JDBC Driver has been forcibly unregistered.
02-Feb-2025 11:36:14.457 WARNING [http-nio-8080-exec-35] org.apache.catalina.loader.WebappClassLoaderBase.clearReferencesJdbc The web application [EduMentor] registered the JDBC driver [com.mysql.jdbc.Driver] but failed to unregister it when the web application was stopped. To prevent a memory leak, the JDBC Driver has been forcibly unregistered.
02-Feb-2025 11:36:14.459 WARNING [http-nio-8080-exec-35] org.apache.catalina.loader.WebappClassLoaderBase.clearReferencesThreads The web application [EduMentor] appears to have started a thread named [mysql-cj-abandoned-connection-cleanup] but has failed to stop it. This is very likely to create a memory leak. Stack trace of thread:
 java.lang.Object.wait(Native Method)
 java.lang.ref.ReferenceQueue.remove(ReferenceQueue.java:144)
 com.mysql.cj.jdbc.AbandonedConnectionCleanupThread.run(AbandonedConnectionCleanupThread.java:91)
 java.util.concurrent.ThreadPoolExecutor.runWorker(ThreadPoolExecutor.java:1149)
 java.util.concurrent.ThreadPoolExecutor$Worker.run(ThreadPoolExecutor.java:624)
 java.lang.Thread.run(Thread.java:748)
02-Feb-2025 11:36:14.964 INFO [http-nio-8080-exec-35] org.apache.catalina.startup.HostConfig.undeploy Undeploying context [/EduMentor]
02-Feb-2025 11:36:15.015 INFO [http-nio-8080-exec-36] org.apache.catalina.startup.HostConfig.deployDescriptor Deploying deployment descriptor [C:\Users\adima\Documents\EduMentor\Apache-Tomcat-8.5.72\conf\Catalina\localhost\EduMentor.xml]
02-Feb-2025 11:36:15.498 INFO [http-nio-8080-exec-36] org.apache.jasper.servlet.TldScanner.scanJars At least one JAR was scanned for TLDs yet contained no TLDs. Enable debug logging for this logger for a complete list of JARs that were scanned but no TLDs were found in them. Skipping unneeded JARs during scanning can improve startup time and JSP compilation time.
02-Feb-2025 11:36:15.514 INFO [http-nio-8080-exec-36] org.apache.catalina.startup.HostConfig.deployDescriptor Deployment of deployment descriptor [C:\Users\adima\Documents\EduMentor\Apache-Tomcat-8.5.72\conf\Catalina\localhost\EduMentor.xml] has finished in [499] ms
02-Feb-2025 11:36:15.518 INFO [http-nio-8080-exec-39] org.apache.catalina.util.LifecycleBase.start The start() method was called on component [StandardEngine[Catalina].StandardHost[localhost].StandardContext[/EduMentor]] after start() had already been called. The second call will be ignored.
02-Feb-2025 11:36:16.130 INFO [http-nio-8080-exec-32] com.edumentor.db.DataSource.testConnection Successfully connected to the database!
02-Feb-2025 11:36:16.130 INFO [http-nio-8080-exec-32] com.edumentor.db.DataSource.testConnection Successfully connected to the database!
02-Feb-2025 11:36:16.485 INFO [http-nio-8080-exec-34] com.edumentor.db.DataSource.testConnection Successfully connected to the database!
02-Feb-2025 11:36:16.886 INFO [mysql-cj-abandoned-connection-cleanup] org.apache.catalina.loader.WebappClassLoaderBase.checkStateForResourceLoading Illegal access: this web application instance has been stopped already. Could not load []. The following stack trace is thrown for debugging purposes as well as to attempt to terminate the thread which caused the illegal access.
	java.lang.IllegalStateException: Illegal access: this web application instance has been stopped already. Could not load []. The following stack trace is thrown for debugging purposes as well as to attempt to terminate the thread which caused the illegal access.
		at org.apache.catalina.loader.WebappClassLoaderBase.checkStateForResourceLoading(WebappClassLoaderBase.java:1435)
		at org.apache.catalina.loader.WebappClassLoaderBase.getResource(WebappClassLoaderBase.java:1060)
		at com.mysql.cj.jdbc.AbandonedConnectionCleanupThread.checkThreadContextClassLoader(AbandonedConnectionCleanupThread.java:123)
		at com.mysql.cj.jdbc.AbandonedConnectionCleanupThread.run(AbandonedConnectionCleanupThread.java:90)
		at java.util.concurrent.ThreadPoolExecutor.runWorker(ThreadPoolExecutor.java:1149)
		at java.util.concurrent.ThreadPoolExecutor$Worker.run(ThreadPoolExecutor.java:624)
		at java.lang.Thread.run(Thread.java:748)
02-Feb-2025 11:36:46.743 INFO [http-nio-8080-exec-43] com.edumentor.db.DataSource.testConnection Successfully connected to the database!
02-Feb-2025 11:36:46.934 INFO [http-nio-8080-exec-41] com.edumentor.db.DataSource.testConnection Successfully connected to the database!
02-Feb-2025 11:37:00.998 WARNING [http-nio-8080-exec-34] org.apache.catalina.loader.WebappClassLoaderBase.clearReferencesJdbc The web application [EduMentor] registered the JDBC driver [com.mysql.cj.jdbc.Driver] but failed to unregister it when the web application was stopped. To prevent a memory leak, the JDBC Driver has been forcibly unregistered.
02-Feb-2025 11:37:01.000 WARNING [http-nio-8080-exec-34] org.apache.catalina.loader.WebappClassLoaderBase.clearReferencesJdbc The web application [EduMentor] registered the JDBC driver [com.mysql.jdbc.Driver] but failed to unregister it when the web application was stopped. To prevent a memory leak, the JDBC Driver has been forcibly unregistered.
02-Feb-2025 11:37:01.000 WARNING [http-nio-8080-exec-34] org.apache.catalina.loader.WebappClassLoaderBase.clearReferencesThreads The web application [EduMentor] appears to have started a thread named [mysql-cj-abandoned-connection-cleanup] but has failed to stop it. This is very likely to create a memory leak. Stack trace of thread:
 java.lang.Object.wait(Native Method)
 java.lang.ref.ReferenceQueue.remove(ReferenceQueue.java:144)
 com.mysql.cj.jdbc.AbandonedConnectionCleanupThread.run(AbandonedConnectionCleanupThread.java:91)
 java.util.concurrent.ThreadPoolExecutor.runWorker(ThreadPoolExecutor.java:1149)
 java.util.concurrent.ThreadPoolExecutor$Worker.run(ThreadPoolExecutor.java:624)
 java.lang.Thread.run(Thread.java:748)
02-Feb-2025 11:37:01.506 INFO [http-nio-8080-exec-34] org.apache.catalina.startup.HostConfig.undeploy Undeploying context [/EduMentor]
02-Feb-2025 11:37:01.538 INFO [http-nio-8080-exec-31] org.apache.catalina.startup.HostConfig.deployDescriptor Deploying deployment descriptor [C:\Users\adima\Documents\EduMentor\Apache-Tomcat-8.5.72\conf\Catalina\localhost\EduMentor.xml]
02-Feb-2025 11:37:02.790 INFO [http-nio-8080-exec-31] org.apache.jasper.servlet.TldScanner.scanJars At least one JAR was scanned for TLDs yet contained no TLDs. Enable debug logging for this logger for a complete list of JARs that were scanned but no TLDs were found in them. Skipping unneeded JARs during scanning can improve startup time and JSP compilation time.
02-Feb-2025 11:37:02.821 INFO [http-nio-8080-exec-31] org.apache.catalina.startup.HostConfig.deployDescriptor Deployment of deployment descriptor [C:\Users\adima\Documents\EduMentor\Apache-Tomcat-8.5.72\conf\Catalina\localhost\EduMentor.xml] has finished in [1,283] ms
02-Feb-2025 11:37:02.826 INFO [http-nio-8080-exec-42] org.apache.catalina.util.LifecycleBase.start The start() method was called on component [StandardEngine[Catalina].StandardHost[localhost].StandardContext[/EduMentor]] after start() had already been called. The second call will be ignored.
02-Feb-2025 11:37:03.935 INFO [http-nio-8080-exec-44] com.edumentor.db.DataSource.testConnection Successfully connected to the database!
02-Feb-2025 11:37:03.935 INFO [http-nio-8080-exec-44] com.edumentor.db.DataSource.testConnection Successfully connected to the database!
02-Feb-2025 11:37:04.438 INFO [http-nio-8080-exec-45] com.edumentor.db.DataSource.testConnection Successfully connected to the database!
02-Feb-2025 11:37:05.920 INFO [mysql-cj-abandoned-connection-cleanup] org.apache.catalina.loader.WebappClassLoaderBase.checkStateForResourceLoading Illegal access: this web application instance has been stopped already. Could not load []. The following stack trace is thrown for debugging purposes as well as to attempt to terminate the thread which caused the illegal access.
	java.lang.IllegalStateException: Illegal access: this web application instance has been stopped already. Could not load []. The following stack trace is thrown for debugging purposes as well as to attempt to terminate the thread which caused the illegal access.
		at org.apache.catalina.loader.WebappClassLoaderBase.checkStateForResourceLoading(WebappClassLoaderBase.java:1435)
		at org.apache.catalina.loader.WebappClassLoaderBase.getResource(WebappClassLoaderBase.java:1060)
		at com.mysql.cj.jdbc.AbandonedConnectionCleanupThread.checkThreadContextClassLoader(AbandonedConnectionCleanupThread.java:123)
		at com.mysql.cj.jdbc.AbandonedConnectionCleanupThread.run(AbandonedConnectionCleanupThread.java:90)
		at java.util.concurrent.ThreadPoolExecutor.runWorker(ThreadPoolExecutor.java:1149)
		at java.util.concurrent.ThreadPoolExecutor$Worker.run(ThreadPoolExecutor.java:624)
		at java.lang.Thread.run(Thread.java:748)
02-Feb-2025 11:37:39.991 INFO [http-nio-8080-exec-42] com.edumentor.db.DataSource.testConnection Successfully connected to the database!
02-Feb-2025 11:37:40.188 INFO [http-nio-8080-exec-48] com.edumentor.db.DataSource.testConnection Successfully connected to the database!
02-Feb-2025 11:39:53.744 WARNING [http-nio-8080-exec-50] org.apache.catalina.loader.WebappClassLoaderBase.clearReferencesJdbc The web application [EduMentor] registered the JDBC driver [com.mysql.cj.jdbc.Driver] but failed to unregister it when the web application was stopped. To prevent a memory leak, the JDBC Driver has been forcibly unregistered.
02-Feb-2025 11:39:53.744 WARNING [http-nio-8080-exec-50] org.apache.catalina.loader.WebappClassLoaderBase.clearReferencesJdbc The web application [EduMentor] registered the JDBC driver [com.mysql.jdbc.Driver] but failed to unregister it when the web application was stopped. To prevent a memory leak, the JDBC Driver has been forcibly unregistered.
02-Feb-2025 11:39:53.744 WARNING [http-nio-8080-exec-50] org.apache.catalina.loader.WebappClassLoaderBase.clearReferencesThreads The web application [EduMentor] appears to have started a thread named [mysql-cj-abandoned-connection-cleanup] but has failed to stop it. This is very likely to create a memory leak. Stack trace of thread:
 java.lang.Object.wait(Native Method)
 java.lang.ref.ReferenceQueue.remove(ReferenceQueue.java:144)
 com.mysql.cj.jdbc.AbandonedConnectionCleanupThread.run(AbandonedConnectionCleanupThread.java:91)
 java.util.concurrent.ThreadPoolExecutor.runWorker(ThreadPoolExecutor.java:1149)
 java.util.concurrent.ThreadPoolExecutor$Worker.run(ThreadPoolExecutor.java:624)
 java.lang.Thread.run(Thread.java:748)
02-Feb-2025 11:39:54.257 INFO [http-nio-8080-exec-50] org.apache.catalina.startup.HostConfig.undeploy Undeploying context [/EduMentor]
02-Feb-2025 11:39:54.782 INFO [ContainerBackgroundProcessor[StandardEngine[Catalina]]] org.apache.catalina.startup.HostConfig.undeploy Undeploying context [/EduMentor]
02-Feb-2025 11:39:58.509 INFO [mysql-cj-abandoned-connection-cleanup] org.apache.catalina.loader.WebappClassLoaderBase.checkStateForResourceLoading Illegal access: this web application instance has been stopped already. Could not load []. The following stack trace is thrown for debugging purposes as well as to attempt to terminate the thread which caused the illegal access.
	java.lang.IllegalStateException: Illegal access: this web application instance has been stopped already. Could not load []. The following stack trace is thrown for debugging purposes as well as to attempt to terminate the thread which caused the illegal access.
		at org.apache.catalina.loader.WebappClassLoaderBase.checkStateForResourceLoading(WebappClassLoaderBase.java:1435)
		at org.apache.catalina.loader.WebappClassLoaderBase.getResource(WebappClassLoaderBase.java:1060)
		at com.mysql.cj.jdbc.AbandonedConnectionCleanupThread.checkThreadContextClassLoader(AbandonedConnectionCleanupThread.java:123)
		at com.mysql.cj.jdbc.AbandonedConnectionCleanupThread.run(AbandonedConnectionCleanupThread.java:90)
		at java.util.concurrent.ThreadPoolExecutor.runWorker(ThreadPoolExecutor.java:1149)
		at java.util.concurrent.ThreadPoolExecutor$Worker.run(ThreadPoolExecutor.java:624)
		at java.lang.Thread.run(Thread.java:748)
02-Feb-2025 11:39:59.716 INFO [http-nio-8080-exec-52] org.apache.catalina.startup.HostConfig.deployDescriptor Deploying deployment descriptor [C:\Users\adima\Documents\EduMentor\Apache-Tomcat-8.5.72\conf\Catalina\localhost\EduMentor.xml]
02-Feb-2025 11:40:00.173 INFO [http-nio-8080-exec-52] org.apache.jasper.servlet.TldScanner.scanJars At least one JAR was scanned for TLDs yet contained no TLDs. Enable debug logging for this logger for a complete list of JARs that were scanned but no TLDs were found in them. Skipping unneeded JARs during scanning can improve startup time and JSP compilation time.
02-Feb-2025 11:40:00.188 INFO [http-nio-8080-exec-52] org.apache.catalina.startup.HostConfig.deployDescriptor Deployment of deployment descriptor [C:\Users\adima\Documents\EduMentor\Apache-Tomcat-8.5.72\conf\Catalina\localhost\EduMentor.xml] has finished in [474] ms
02-Feb-2025 11:40:00.201 INFO [http-nio-8080-exec-57] org.apache.catalina.util.LifecycleBase.start The start() method was called on component [StandardEngine[Catalina].StandardHost[localhost].StandardContext[/EduMentor]] after start() had already been called. The second call will be ignored.
02-Feb-2025 11:40:00.859 INFO [http-nio-8080-exec-54] com.edumentor.db.DataSource.testConnection Successfully connected to the database!
02-Feb-2025 11:40:00.859 INFO [http-nio-8080-exec-54] com.edumentor.db.DataSource.testConnection Successfully connected to the database!
02-Feb-2025 11:40:01.153 INFO [http-nio-8080-exec-58] com.edumentor.db.DataSource.testConnection Successfully connected to the database!
02-Feb-2025 11:41:23.170 WARNING [http-nio-8080-exec-58] org.apache.catalina.loader.WebappClassLoaderBase.clearReferencesJdbc The web application [EduMentor] registered the JDBC driver [com.mysql.cj.jdbc.Driver] but failed to unregister it when the web application was stopped. To prevent a memory leak, the JDBC Driver has been forcibly unregistered.
02-Feb-2025 11:41:23.170 WARNING [http-nio-8080-exec-58] org.apache.catalina.loader.WebappClassLoaderBase.clearReferencesJdbc The web application [EduMentor] registered the JDBC driver [com.mysql.jdbc.Driver] but failed to unregister it when the web application was stopped. To prevent a memory leak, the JDBC Driver has been forcibly unregistered.
02-Feb-2025 11:41:23.170 WARNING [http-nio-8080-exec-58] org.apache.catalina.loader.WebappClassLoaderBase.clearReferencesThreads The web application [EduMentor] appears to have started a thread named [mysql-cj-abandoned-connection-cleanup] but has failed to stop it. This is very likely to create a memory leak. Stack trace of thread:
 java.lang.Object.wait(Native Method)
 java.lang.ref.ReferenceQueue.remove(ReferenceQueue.java:144)
 com.mysql.cj.jdbc.AbandonedConnectionCleanupThread.run(AbandonedConnectionCleanupThread.java:91)
 java.util.concurrent.ThreadPoolExecutor.runWorker(ThreadPoolExecutor.java:1149)
 java.util.concurrent.ThreadPoolExecutor$Worker.run(ThreadPoolExecutor.java:624)
 java.lang.Thread.run(Thread.java:748)
02-Feb-2025 11:41:23.680 INFO [http-nio-8080-exec-58] org.apache.catalina.startup.HostConfig.undeploy Undeploying context [/EduMentor]
02-Feb-2025 11:41:25.723 INFO [mysql-cj-abandoned-connection-cleanup] org.apache.catalina.loader.WebappClassLoaderBase.checkStateForResourceLoading Illegal access: this web application instance has been stopped already. Could not load []. The following stack trace is thrown for debugging purposes as well as to attempt to terminate the thread which caused the illegal access.
	java.lang.IllegalStateException: Illegal access: this web application instance has been stopped already. Could not load []. The following stack trace is thrown for debugging purposes as well as to attempt to terminate the thread which caused the illegal access.
		at org.apache.catalina.loader.WebappClassLoaderBase.checkStateForResourceLoading(WebappClassLoaderBase.java:1435)
		at org.apache.catalina.loader.WebappClassLoaderBase.getResource(WebappClassLoaderBase.java:1060)
		at com.mysql.cj.jdbc.AbandonedConnectionCleanupThread.checkThreadContextClassLoader(AbandonedConnectionCleanupThread.java:123)
		at com.mysql.cj.jdbc.AbandonedConnectionCleanupThread.run(AbandonedConnectionCleanupThread.java:90)
		at java.util.concurrent.ThreadPoolExecutor.runWorker(ThreadPoolExecutor.java:1149)
		at java.util.concurrent.ThreadPoolExecutor$Worker.run(ThreadPoolExecutor.java:624)
		at java.lang.Thread.run(Thread.java:748)
