05-Feb-2025 10:07:39.419 INFO [http-nio-8080-exec-4] org.apache.catalina.core.ApplicationContext.log Manager: init: Associated with Deployer 'Catalina:type=Deployer,host=localhost'
05-Feb-2025 10:07:39.419 INFO [http-nio-8080-exec-4] org.apache.catalina.core.ApplicationContext.log Manager: init: Global resources are available
05-Feb-2025 10:07:39.454 INFO [http-nio-8080-exec-7] org.apache.catalina.core.ApplicationContext.log Manager: list: Listing contexts for virtual host 'localhost'
05-Feb-2025 10:07:39.470 INFO [http-nio-8080-exec-8] org.apache.catalina.core.ApplicationContext.log Manager: undeploy: Undeploying web application at '/'
05-Feb-2025 10:07:40.013 INFO [http-nio-8080-exec-4] org.apache.catalina.core.ApplicationContext.log Manager: install: Installing context configuration at 'file:/C:/Users/adima/AppData/Local/Temp/context7671251489641505934.xml'
05-Feb-2025 10:07:40.677 INFO [http-nio-8080-exec-3] org.apache.catalina.core.ApplicationContext.log Manager: start: Starting web application '/'
05-Feb-2025 10:08:28.814 INFO [http-nio-8080-exec-3] org.apache.catalina.core.ApplicationContext.log Manager: list: Listing contexts for virtual host 'localhost'
05-Feb-2025 10:08:32.703 INFO [http-nio-8080-exec-9] org.apache.catalina.core.ApplicationContext.log Manager: list: Listing contexts for virtual host 'localhost'
05-Feb-2025 10:18:02.487 INFO [http-nio-8080-exec-12] org.apache.catalina.core.ApplicationContext.log Manager: list: Listing contexts for virtual host 'localhost'
05-Feb-2025 10:18:02.609 INFO [http-nio-8080-exec-11] org.apache.catalina.core.ApplicationContext.log Manager: restart: Reloading web application '/'
05-Feb-2025 10:18:03.995 INFO [http-nio-8080-exec-15] org.apache.catalina.core.ApplicationContext.log Manager: list: Listing contexts for virtual host 'localhost'
05-Feb-2025 10:18:04.017 INFO [http-nio-8080-exec-19] org.apache.catalina.core.ApplicationContext.log Manager: restart: Reloading web application '/'
05-Feb-2025 10:22:46.048 INFO [http-nio-8080-exec-23] org.apache.catalina.core.ApplicationContext.log Manager: list: Listing contexts for virtual host 'localhost'
05-Feb-2025 10:22:46.077 INFO [http-nio-8080-exec-24] org.apache.catalina.core.ApplicationContext.log Manager: restart: Reloading web application '/'
05-Feb-2025 10:22:58.625 INFO [http-nio-8080-exec-30] org.apache.catalina.core.ApplicationContext.log Manager: list: Listing contexts for virtual host 'localhost'
05-Feb-2025 10:22:58.692 INFO [http-nio-8080-exec-22] org.apache.catalina.core.ApplicationContext.log Manager: restart: Reloading web application '/'
05-Feb-2025 10:22:59.885 INFO [http-nio-8080-exec-28] org.apache.catalina.core.ApplicationContext.log Manager: list: Listing contexts for virtual host 'localhost'
05-Feb-2025 10:22:59.902 INFO [http-nio-8080-exec-27] org.apache.catalina.core.ApplicationContext.log Manager: restart: Reloading web application '/'
05-Feb-2025 10:27:41.661 INFO [http-nio-8080-exec-36] org.apache.catalina.core.ApplicationContext.log Manager: list: Listing contexts for virtual host 'localhost'
05-Feb-2025 10:27:41.723 INFO [http-nio-8080-exec-38] org.apache.catalina.core.ApplicationContext.log Manager: restart: Reloading web application '/'
05-Feb-2025 10:33:29.368 INFO [http-nio-8080-exec-40] org.apache.catalina.core.ApplicationContext.log Manager: list: Listing contexts for virtual host 'localhost'
05-Feb-2025 10:33:29.432 INFO [http-nio-8080-exec-41] org.apache.catalina.core.ApplicationContext.log Manager: restart: Reloading web application '/'
05-Feb-2025 10:33:30.684 INFO [http-nio-8080-exec-43] org.apache.catalina.core.ApplicationContext.log Manager: list: Listing contexts for virtual host 'localhost'
05-Feb-2025 10:33:30.710 INFO [http-nio-8080-exec-47] org.apache.catalina.core.ApplicationContext.log Manager: restart: Reloading web application '/'
05-Feb-2025 10:35:45.085 INFO [http-nio-8080-exec-44] org.apache.catalina.core.ApplicationContext.log Manager: list: Listing contexts for virtual host 'localhost'
05-Feb-2025 10:35:45.112 INFO [http-nio-8080-exec-52] org.apache.catalina.core.ApplicationContext.log Manager: restart: Reloading web application '/'
05-Feb-2025 10:36:51.377 INFO [http-nio-8080-exec-50] org.apache.catalina.core.ApplicationContext.log Manager: list: Listing contexts for virtual host 'localhost'
05-Feb-2025 10:36:51.406 INFO [http-nio-8080-exec-43] org.apache.catalina.core.ApplicationContext.log Manager: restart: Reloading web application '/'
05-Feb-2025 10:36:59.565 INFO [http-nio-8080-exec-54] org.apache.catalina.core.ApplicationContext.log Manager: list: Listing contexts for virtual host 'localhost'
05-Feb-2025 10:36:59.622 INFO [http-nio-8080-exec-50] org.apache.catalina.core.ApplicationContext.log Manager: restart: Reloading web application '/'
05-Feb-2025 10:37:00.786 INFO [http-nio-8080-exec-51] org.apache.catalina.core.ApplicationContext.log Manager: list: Listing contexts for virtual host 'localhost'
05-Feb-2025 10:37:00.806 INFO [http-nio-8080-exec-43] org.apache.catalina.core.ApplicationContext.log Manager: restart: Reloading web application '/'
05-Feb-2025 10:37:59.571 INFO [http-nio-8080-exec-52] org.apache.catalina.core.ApplicationContext.log Manager: list: Listing contexts for virtual host 'localhost'
05-Feb-2025 10:37:59.606 INFO [http-nio-8080-exec-54] org.apache.catalina.core.ApplicationContext.log Manager: restart: Reloading web application '/'
05-Feb-2025 10:39:43.929 INFO [http-nio-8080-exec-55] org.apache.catalina.core.ApplicationContext.log Manager: list: Listing contexts for virtual host 'localhost'
05-Feb-2025 10:39:43.964 INFO [http-nio-8080-exec-49] org.apache.catalina.core.ApplicationContext.log Manager: restart: Reloading web application '/'
